2018-02-26 09:01:44.832651: I tensorflow/core/platform/cpu_feature_guard.cc:137] Your CPU supports instructions that this TensorFlow binary was not compiled to use: SSE4.1 SSE4.2 AVX AVX2 FMA
2018-02-26 09:01:45.209410: I tensorflow/stream_executor/cuda/cuda_gpu_executor.cc:895] successful NUMA node read from SysFS had negative value (-1), but there must be at least one NUMA node, so returning NUMA node zero
2018-02-26 09:01:45.209708: I tensorflow/core/common_runtime/gpu/gpu_device.cc:1105] Found device 0 with properties: 
name: Tesla K80 major: 3 minor: 7 memoryClockRate(GHz): 0.8235
pciBusID: 0000:00:04.0
totalMemory: 11.17GiB freeMemory: 11.09GiB
2018-02-26 09:01:45.209731: I tensorflow/core/common_runtime/gpu/gpu_device.cc:1195] Creating TensorFlow device (/device:GPU:0) -> (device: 0, name: Tesla K80, pci bus id: 0000:00:04.0, compute capability: 3.7)
/usr/local/lib/python3.5/dist-packages/h5py/__init__.py:36: FutureWarning: Conversion of the second argument of issubdtype from `float` to `np.floating` is deprecated. In future, it will be treated as `np.float64 == np.dtype(float).type`.
  from ._conv import register_converters as _register_converters
Using TensorFlow backend.
########################################################################################################################################################################################################
TRANSBOOST LAUNCH on 2018-02-26 09:01
########################################################################################################################################################################################################
Data has apparently already been downloaded and unpacked.
data_batch_1
data_batch_2
data_batch_3
data_batch_4
data_batch_5
test_batch



executed with the following settings:

epochs_source :  100
train_top_model :  False
step :  10
batch_size_source :  10
classes_source :  ['dog', 'truck']
verbose :  False
reinitialize_bottom_layers :  False
proba_threshold :  0.5
batch_size_target :  10
lr_source :  0.0001
recompute_transfer_values :  False
transformation_ratio :  0.05
times :  300
resizeFactor :  5
bigNet :  False
lr_target :  0.0001
epochs_target :  100
layerLimit :  15
path_to_best_model :  best_top_model.hdf5
classes_target :  ['deer', 'horse']
models_path :  models
threshold :  0.6
models_weights_path :  models_weights
originalSize :  32




directory models exists already.
directory models_weights exists already.
Found 7953 images belonging to 2 classes.
Found 2047 images belonging to 2 classes.
Found 2047 images belonging to 2 classes.
Found 8026 images belonging to 2 classes.
Found 1974 images belonging to 2 classes.
Found 1974 images belonging to 2 classes.
time:  10 accuracy : 0.7056737588652482
time:  20 accuracy : 0.6681864235055724
time:  30 accuracy : 0.6144883485309017
time:  40 accuracy : 0.7279635258358662
time:  50 accuracy : 0.7249240121580547
time:  60 accuracy : 0.7659574468085106
time:  70 accuracy : 0.7472137791286727
time:  80 accuracy : 0.5911854103343465
time:  90 accuracy : 0.5390070921985816
time:  100 accuracy : 0.6565349544072948
time:  110 accuracy : 0.7228976697061803
time:  120 accuracy : 0.7254305977710233
time:  130 accuracy : 0.6879432624113475
time:  140 accuracy : 0.6818642350557245
time:  150 accuracy : 0.6945288753799392
time:  160 accuracy : 0.7573454913880446
time:  170 accuracy : 0.6945288753799392
time:  180 accuracy : 0.704660587639311
time:  190 accuracy : 0.7284701114488349
time:  200 accuracy : 0.6575481256332321
time:  210 accuracy : 0.7279635258358662
time:  220 accuracy : 0.7487335359675785
time:  230 accuracy : 0.6894630192502533
time:  240 accuracy : 0.7122593718338399
time:  250 accuracy : 0.7228976697061803
time:  260 accuracy : 0.6575481256332321
time:  270 accuracy : 0.7183383991894631
time:  280 accuracy : 0.7715298885511651
time:  290 accuracy : 0.7421479229989868
time:  300 accuracy : 0.7117527862208713
Final accuracy : 0.7117527862208713
