2018-02-26 21:29:52.639463: I tensorflow/core/platform/cpu_feature_guard.cc:137] Your CPU supports instructions that this TensorFlow binary was not compiled to use: SSE4.1 SSE4.2 AVX AVX2 FMA
2018-02-26 21:29:52.743290: I tensorflow/stream_executor/cuda/cuda_gpu_executor.cc:895] successful NUMA node read from SysFS had negative value (-1), but there must be at least one NUMA node, so returning NUMA node zero
2018-02-26 21:29:52.743604: I tensorflow/core/common_runtime/gpu/gpu_device.cc:1105] Found device 0 with properties: 
name: Tesla K80 major: 3 minor: 7 memoryClockRate(GHz): 0.8235
pciBusID: 0000:00:04.0
totalMemory: 11.17GiB freeMemory: 11.09GiB
2018-02-26 21:29:52.743630: I tensorflow/core/common_runtime/gpu/gpu_device.cc:1195] Creating TensorFlow device (/device:GPU:0) -> (device: 0, name: Tesla K80, pci bus id: 0000:00:04.0, compute capability: 3.7)
/usr/local/lib/python3.5/dist-packages/h5py/__init__.py:36: FutureWarning: Conversion of the second argument of issubdtype from `float` to `np.floating` is deprecated. In future, it will be treated as `np.float64 == np.dtype(float).type`.
  from ._conv import register_converters as _register_converters
Using TensorFlow backend.
########################################################################################################################################################################################################
TRANSBOOST LAUNCH on 2018-02-26 21:29
########################################################################################################################################################################################################
Data has apparently already been downloaded and unpacked.
data_batch_1
data_batch_2
data_batch_3
data_batch_4
data_batch_5
test_batch



executed with the following settings:

originalSize :  32
epochs_target :  100
classes_source :  ['dog', 'truck']
resizeFactor :  5
lr_target :  0.0001
epochs_source :  100
verbose :  False
lr_source :  0.0001
train_top_model :  False
times :  300
threshold :  0.65
layerLimit :  15
batch_size_source :  10
proba_threshold :  0.5
recompute_transfer_values :  False
path_to_best_model :  best_top_model.hdf5
step :  10
transformation_ratio :  0.05
models_path :  models
classes_target :  ['deer', 'horse']
batch_size_target :  10
bigNet :  False
reinitialize_bottom_layers :  False
models_weights_path :  models_weights




directory models exists already.
directory models_weights exists already.
Found 7953 images belonging to 2 classes.
Found 2047 images belonging to 2 classes.
Found 2047 images belonging to 2 classes.
Found 8026 images belonging to 2 classes.
Found 1974 images belonging to 2 classes.
Found 1974 images belonging to 2 classes.
time:  10 accuracy : 0.6889564336372846
time:  20 accuracy : 0.7467071935157041
time:  30 accuracy : 0.7781155015197568
time:  40 accuracy : 0.7416413373860182
time:  50 accuracy : 0.6605876393110436
time:  60 accuracy : 0.6767983789260384
time:  70 accuracy : 0.7279635258358662
time:  80 accuracy : 0.6661600810536981
time:  90 accuracy : 0.6919959473150963
time:  100 accuracy : 0.7142857142857143
time:  110 accuracy : 0.6773049645390071
time:  120 accuracy : 0.7330293819655522
time:  130 accuracy : 0.7092198581560284
time:  140 accuracy : 0.7127659574468085
time:  150 accuracy : 0.7310030395136778
time:  160 accuracy : 0.729483282674772
time:  170 accuracy : 0.7558257345491388
time:  180 accuracy : 0.6352583586626139
time:  190 accuracy : 0.7537993920972644
time:  200 accuracy : 0.7269503546099291
time:  210 accuracy : 0.713272543059777
time:  220 accuracy : 0.7264437689969605
time:  230 accuracy : 0.7147922998986829
time:  240 accuracy : 0.7163120567375887
time:  250 accuracy : 0.7573454913880446
time:  260 accuracy : 0.6175278622087133
time:  270 accuracy : 0.7244174265450861
time:  280 accuracy : 0.6778115501519757
time:  290 accuracy : 0.7380952380952381
time:  300 accuracy : 0.7279635258358662
Final accuracy : 0.7279635258358662
